Traceback (most recent call last):
  File "C:\Users\rubde\anaconda3\lib\site-packages\jupyter_cache\executors\utils.py", line 51, in single_nb_execution
    executenb(
  File "C:\Users\rubde\anaconda3\lib\site-packages\nbclient\client.py", line 1204, in execute
    return NotebookClient(nb=nb, resources=resources, km=km, **kwargs).execute()
  File "C:\Users\rubde\anaconda3\lib\site-packages\nbclient\util.py", line 84, in wrapped
    return just_run(coro(*args, **kwargs))
  File "C:\Users\rubde\anaconda3\lib\site-packages\nbclient\util.py", line 62, in just_run
    return loop.run_until_complete(coro)
  File "C:\Users\rubde\anaconda3\lib\asyncio\base_events.py", line 647, in run_until_complete
    return future.result()
  File "C:\Users\rubde\anaconda3\lib\site-packages\nbclient\client.py", line 663, in async_execute
    await self.async_execute_cell(
  File "C:\Users\rubde\anaconda3\lib\site-packages\nbclient\client.py", line 965, in async_execute_cell
    await self._check_raise_for_error(cell, cell_index, exec_reply)
  File "C:\Users\rubde\anaconda3\lib\site-packages\nbclient\client.py", line 862, in _check_raise_for_error
    raise CellExecutionError.from_cell_and_msg(cell, exec_reply_content)
nbclient.exceptions.CellExecutionError: An error occurred while executing the following cell:
------------------
from module_imports.BeamMatrices import BeamMatricesJacket
for iElem in np.arange(0, nElem):
    # Get the nodes of the elements
    NodeLeft = Elements[iElem][0]-1
    NodeRight = Elements[iElem][1]-1
    
    # Get the degrees of freedom that correspond to each node
    Dofs_Left = 3*(NodeLeft) + np.arange(0, 3)
    Dofs_Right = 3*(NodeRight) + np.arange(0, 3)

    # Get the properties of the element
    m = Elements[iElem][2]
    EA = Elements[iElem][3]
    EI = Elements[iElem][4]

    # Calculate the matrices of the element
    Me, Ke = BeamMatricesJacket(m, EA, EI, ([NodeCoord[NodeLeft][0], NodeCoord[NodeLeft][1]], [NodeCoord[NodeRight][0], NodeCoord[NodeRight][1]]))

    # Assemble the matrices at the correct place
    nodes = np.append(Dofs_Left, Dofs_Right)
    for i in np.arange(0, 6):
        for j in np.arange(0, 6):
            ij = nodes[j] + nodes[i]*nDof
            #print(ij)
            M[ij] = M[ij] + Me[i, j]
            K[ij] = K[ij] + Ke[i, j]
            
# Reshape the global matrix from a 1-dimensional array to a 2-dimensional array
M = M.reshape((nDof, nDof))
K = K.reshape((nDof, nDof))
------------------

[1;31m---------------------------------------------------------------------------[0m
[1;31mModuleNotFoundError[0m                       Traceback (most recent call last)
[1;32m~\AppData\Local\Temp\ipykernel_203316\2601494844.py[0m in [0;36m<module>[1;34m[0m
[1;32m----> 1[1;33m [1;32mfrom[0m [0mmodule_imports[0m[1;33m.[0m[0mBeamMatrices[0m [1;32mimport[0m [0mBeamMatricesJacket[0m[1;33m[0m[1;33m[0m[0m
[0m[0;32m      2[0m [1;32mfor[0m [0miElem[0m [1;32min[0m [0mnp[0m[1;33m.[0m[0marange[0m[1;33m([0m[1;36m0[0m[1;33m,[0m [0mnElem[0m[1;33m)[0m[1;33m:[0m[1;33m[0m[1;33m[0m[0m
[0;32m      3[0m     [1;31m# Get the nodes of the elements[0m[1;33m[0m[1;33m[0m[0m
[0;32m      4[0m     [0mNodeLeft[0m [1;33m=[0m [0mElements[0m[1;33m[[0m[0miElem[0m[1;33m][0m[1;33m[[0m[1;36m0[0m[1;33m][0m[1;33m-[0m[1;36m1[0m[1;33m[0m[1;33m[0m[0m
[0;32m      5[0m     [0mNodeRight[0m [1;33m=[0m [0mElements[0m[1;33m[[0m[0miElem[0m[1;33m][0m[1;33m[[0m[1;36m1[0m[1;33m][0m[1;33m-[0m[1;36m1[0m[1;33m[0m[1;33m[0m[0m

[1;31mModuleNotFoundError[0m: No module named 'module_imports'
ModuleNotFoundError: No module named 'module_imports'

